<?xml version="1.0" encoding="UTF-8"?>
<testsuites tests="13" failures="0" disabled="0" errors="0" time="2.309" timestamp="2026-07-18T12:46:56.950" name="AllTests">
  <testsuite name="RobotMiddlewareTest" tests="13" failures="0" disabled="0" skipped="0" errors="0" time="2.302" timestamp="2026-07-18T12:46:56.957">
    <testcase name="LidarNode_TimerFires_RangesInPhysicalBounds" file="/home/guang/code/ros2_ws/src/ros2_amr_framework/test/test_robot_middleware.cpp" line="56" status="run" result="completed" time="0.126" timestamp="2026-07-18T12:46:56.957" classname="ros2_robot_middleware.RobotMiddlewareTest" />
    <testcase name="ImuNode_TimerFires_DataWithinSensorSpec" file="/home/guang/code/ros2_ws/src/ros2_amr_framework/test/test_robot_middleware.cpp" line="90" status="run" result="completed" time="0.02" timestamp="2026-07-18T12:46:57.084" classname="ros2_robot_middleware.RobotMiddlewareTest" />
    <testcase name="CameraNode_TimerFires_640x480Rgb8Image" file="/home/guang/code/ros2_ws/src/ros2_amr_framework/test/test_robot_middleware.cpp" line="120" status="run" result="completed" time="0.227" timestamp="2026-07-18T12:46:57.104" classname="ros2_robot_middleware.RobotMiddlewareTest" />
    <testcase name="MotorCtrl_CloseTarget_ReachesImmediately" file="/home/guang/code/ros2_ws/src/ros2_amr_framework/test/test_robot_middleware.cpp" line="148" status="run" result="completed" time="0.01" timestamp="2026-07-18T12:46:57.332" classname="ros2_robot_middleware.RobotMiddlewareTest" />
    <testcase name="MotorCtrl_FarTarget_StepsUntilReached" file="/home/guang/code/ros2_ws/src/ros2_amr_framework/test/test_robot_middleware.cpp" line="184" status="run" result="completed" time="0.313" timestamp="2026-07-18T12:46:57.342" classname="ros2_robot_middleware.RobotMiddlewareTest" />
    <testcase name="MotorCtrl_SetParamKnown_UpdatesAndAcks" file="/home/guang/code/ros2_ws/src/ros2_amr_framework/test/test_robot_middleware.cpp" line="220" status="run" result="completed" time="0.011" timestamp="2026-07-18T12:46:57.656" classname="ros2_robot_middleware.RobotMiddlewareTest" />
    <testcase name="MotorCtrl_SetParamUnknown_ReturnsMessage" file="/home/guang/code/ros2_ws/src/ros2_amr_framework/test/test_robot_middleware.cpp" line="247" status="run" result="completed" time="0.009" timestamp="2026-07-18T12:46:57.668" classname="ros2_robot_middleware.RobotMiddlewareTest" />
    <testcase name="DecisionNode_PerceptionArrives_SendsGoalToTargetPose" file="/home/guang/code/ros2_ws/src/ros2_amr_framework/test/test_robot_middleware.cpp" line="278" status="run" result="completed" time="0.008" timestamp="2026-07-18T12:46:57.677" classname="ros2_robot_middleware.RobotMiddlewareTest" />
    <testcase name="FusionNode_AllSensorsReady_DetectsNearbyCluster" file="/home/guang/code/ros2_ws/src/ros2_amr_framework/test/test_robot_middleware.cpp" line="385" status="run" result="completed" time="0.212" timestamp="2026-07-18T12:46:57.686" classname="ros2_robot_middleware.RobotMiddlewareTest" />
    <testcase name="FusionNode_AllSensorsPresent_DegradationFull" file="/home/guang/code/ros2_ws/src/ros2_amr_framework/test/test_robot_middleware.cpp" line="433" status="run" result="completed" time="0.517" timestamp="2026-07-18T12:46:57.898" classname="ros2_robot_middleware.RobotMiddlewareTest" />
    <testcase name="FusionNode_ImuMissing_DegradedToNoImu" file="/home/guang/code/ros2_ws/src/ros2_amr_framework/test/test_robot_middleware.cpp" line="469" status="run" result="completed" time="0.214" timestamp="2026-07-18T12:46:58.416" classname="ros2_robot_middleware.RobotMiddlewareTest" />
    <testcase name="FusionNode_LidarMissing_DegradedToNoLidar" file="/home/guang/code/ros2_ws/src/ros2_amr_framework/test/test_robot_middleware.cpp" line="503" status="run" result="completed" time="0.416" timestamp="2026-07-18T12:46:58.631" classname="ros2_robot_middleware.RobotMiddlewareTest" />
    <testcase name="FusionNode_ImuAndCameraMissing_DegradedToCritical" file="/home/guang/code/ros2_ws/src/ros2_amr_framework/test/test_robot_middleware.cpp" line="542" status="run" result="completed" time="0.212" timestamp="2026-07-18T12:46:59.047" classname="ros2_robot_middleware.RobotMiddlewareTest" />
  </testsuite>
</testsuites>
