Start testing: Jul 18 12:45 CST
----------------------------------------------------------
Unable to find required file: /home/guang/code/ros2_ws/src/ros2_amr_framework/build/ros2_robot_middleware/test_robot_middleware
1/1 Testing: test_robot_middleware
1/1 Test: test_robot_middleware
Command: "/usr/bin/python3" "-u" "/opt/ros/jazzy/share/ament_cmake_test/cmake/run_test.py" "/home/guang/code/ros2_ws/src/ros2_amr_framework/build/ros2_robot_middleware/test_results/ros2_robot_middleware/test_robot_middleware.gtest.xml" "--package-name" "ros2_robot_middleware" "--output-file" "/home/guang/code/ros2_ws/src/ros2_amr_framework/build/ros2_robot_middleware/ament_cmake_gtest/test_robot_middleware.txt" "--command" "/home/guang/code/ros2_ws/src/ros2_amr_framework/build/ros2_robot_middleware/test_robot_middleware" "--gtest_output=xml:/home/guang/code/ros2_ws/src/ros2_amr_framework/build/ros2_robot_middleware/test_results/ros2_robot_middleware/test_robot_middleware.gtest.xml"
Directory: /home/guang/code/ros2_ws/src/ros2_amr_framework/build/ros2_robot_middleware
"test_robot_middleware" start time: 
Output:
----------------------------------------------------------
<end of output>
Test time =   0.00 sec
----------------------------------------------------------
Test Passed.
"test_robot_middleware" end time: Jul 18 12:45 CST
"test_robot_middleware" time elapsed: 00:00:00
----------------------------------------------------------

End testing: Jul 18 12:45 CST

gtest =   0.00 sec*proc

